<?xml version="1.0" encoding="UTF-8"?>
<!-- Generated by org.testng.reporters.JUnitReportReporter -->
<testsuite hostname="DESKTOP-P5U8LAH" failures="0" tests="1" name="demoblaze.test.TC01_PurchaseTwoProductsTest" time="9.820" errors="0" timestamp="2023-04-23T15:26:42 COT" skipped="0">
  <testcase classname="demoblaze.test.TC01_PurchaseTwoProductsTest" name="PurchaseTwoProducts" time="9.820"/>
  <system-out/>
</testsuite> <!-- demoblaze.test.TC01_PurchaseTwoProductsTest -->
